<?xml version="1.0" encoding="UTF-8"?>
<!-- Generated by org.testng.reporters.JUnitReportReporter -->
<testsuite skipped="0" hostname="Satya-ACER-LAPTOP" name="com.selinium.testng.MultipletestCases" tests="3" failures="0" timestamp="2020-02-27T10:43:27 IST" time="0.028" errors="0">
  <testcase name="AppClose" time="0.018" classname="com.selinium.testng.MultipletestCases"/>
  <testcase name="AppLogin" time="0.003" classname="com.selinium.testng.MultipletestCases"/>
  <testcase name="Applaunch" time="0.007" classname="com.selinium.testng.MultipletestCases"/>
</testsuite> <!-- com.selinium.testng.MultipletestCases -->
