<?xml version="1.0" encoding="UTF-8"?>
<!-- Generated by org.testng.reporters.JUnitReportReporter -->
<testsuite skipped="0" hostname="Satya-ACER-LAPTOP" name="com.selinium.testng.AnnaotationsTest" tests="2" failures="0" timestamp="2020-02-27T21:03:11 IST" time="0.023" errors="0">
  <testcase name="method1" time="0.015" classname="com.selinium.testng.AnnaotationsTest"/>
  <testcase name="method2" time="0.008" classname="com.selinium.testng.AnnaotationsTest"/>
</testsuite> <!-- com.selinium.testng.AnnaotationsTest -->
