<?xml version="1.0" encoding="UTF-8"?>
<!-- Generated by org.testng.reporters.JUnitReportReporter -->
<testsuite skipped="0" hostname="Satya-ACER-LAPTOP" name="com.selinium.testng.AdminLoginTest" tests="1" failures="0" timestamp="2020-02-27T21:16:21 IST" time="28.261" errors="0">
  <testcase name="adminlogin" time="28.261" classname="com.selinium.testng.AdminLoginTest"/>
</testsuite> <!-- com.selinium.testng.AdminLoginTest -->
