<?xml version="1.0" encoding="UTF-8"?>
<!-- Generated by org.testng.reporters.JUnitReportReporter -->
<testsuite skipped="0" hostname="Satya-ACER-LAPTOP" name="com.selinium.testng.ParametarizationTest" tests="1" failures="0" timestamp="2020-02-27T20:55:15 IST" time="0.018" errors="0">
  <testcase name="adminLogin" time="0.018" classname="com.selinium.testng.ParametarizationTest"/>
</testsuite> <!-- com.selinium.testng.ParametarizationTest -->
